INFO:django.utils.autoreload:/home/kutak/SkillFactory/News_Portal/News_Portal/logging_config.py changed, reloading.
INFO:News_Portal.logging_config:Это тестовое сообщение для логирования в файл
INFO:News_Portal.logging_config:Это тестовое сообщение для логирования в файл
INFO:News_Portal.logging_config:Это тестовое сообщение для логирования в файл
ERROR:django:Произошла ошибка: Тестовая ошибка
INFO:News_Portal.logging_config:Это тестовое сообщение для логирования в файл
ERROR:django:Произошла ошибка: Тестовая ошибка
INFO:django.utils.autoreload:Watching for file changes with StatReloader
ERROR:django.security.DisallowedHost:Invalid HTTP_HOST header: 'google.com:443'. You may need to add 'google.com' to ALLOWED_HOSTS.
Traceback (most recent call last):
  File "/home/kutak/SkillFactory/News_Portal/.venv/lib/python3.10/site-packages/django/core/handlers/exception.py", line 55, in inner
    response = get_response(request)
  File "/home/kutak/SkillFactory/News_Portal/.venv/lib/python3.10/site-packages/django/utils/deprecation.py", line 133, in __call__
    response = self.process_request(request)
  File "/home/kutak/SkillFactory/News_Portal/.venv/lib/python3.10/site-packages/django/middleware/common.py", line 48, in process_request
    host = request.get_host()
  File "/home/kutak/SkillFactory/News_Portal/.venv/lib/python3.10/site-packages/django/http/request.py", line 151, in get_host
    raise DisallowedHost(msg)
django.core.exceptions.DisallowedHost: Invalid HTTP_HOST header: 'google.com:443'. You may need to add 'google.com' to ALLOWED_HOSTS.
WARNING:django.request:Bad Request: /google.com:443
ERROR:django.security.DisallowedHost:Invalid HTTP_HOST header: 'serverpan:8000'. You may need to add 'serverpan' to ALLOWED_HOSTS.
Traceback (most recent call last):
  File "/home/kutak/SkillFactory/News_Portal/.venv/lib/python3.10/site-packages/django/core/handlers/exception.py", line 55, in inner
    response = get_response(request)
  File "/home/kutak/SkillFactory/News_Portal/.venv/lib/python3.10/site-packages/django/utils/deprecation.py", line 133, in __call__
    response = self.process_request(request)
  File "/home/kutak/SkillFactory/News_Portal/.venv/lib/python3.10/site-packages/django/middleware/common.py", line 48, in process_request
    host = request.get_host()
  File "/home/kutak/SkillFactory/News_Portal/.venv/lib/python3.10/site-packages/django/http/request.py", line 151, in get_host
    raise DisallowedHost(msg)
django.core.exceptions.DisallowedHost: Invalid HTTP_HOST header: 'serverpan:8000'. You may need to add 'serverpan' to ALLOWED_HOSTS.
WARNING:django.request:Bad Request: /GponForm/diag_Form
ERROR:django.security.DisallowedHost:Invalid HTTP_HOST header: 'serverpan:8000'. You may need to add 'serverpan' to ALLOWED_HOSTS.
Traceback (most recent call last):
  File "/home/kutak/SkillFactory/News_Portal/.venv/lib/python3.10/site-packages/django/core/handlers/exception.py", line 55, in inner
    response = get_response(request)
  File "/home/kutak/SkillFactory/News_Portal/.venv/lib/python3.10/site-packages/django/utils/deprecation.py", line 133, in __call__
    response = self.process_request(request)
  File "/home/kutak/SkillFactory/News_Portal/.venv/lib/python3.10/site-packages/django/middleware/common.py", line 48, in process_request
    host = request.get_host()
  File "/home/kutak/SkillFactory/News_Portal/.venv/lib/python3.10/site-packages/django/http/request.py", line 151, in get_host
    raise DisallowedHost(msg)
django.core.exceptions.DisallowedHost: Invalid HTTP_HOST header: 'serverpan:8000'. You may need to add 'serverpan' to ALLOWED_HOSTS.
WARNING:django.request:Bad Request: /GponForm/diag_Form
